2016-05-29 16:52:08,097 | INFO  | Refreshing org.apache.activemq.xbean.XBeanBrokerFactory$1@29ee9faa: startup date [Sun May 29 16:52:08 CEST 2016]; root of context hierarchy | org.apache.activemq.xbean.XBeanBrokerFactory$1 | main
2016-05-29 16:52:10,092 | INFO  | Using Persistence Adapter: KahaDBPersistenceAdapter[/home/ssl7/Downloads/apache-activemq-5.13.3/data/kahadb] | org.apache.activemq.broker.BrokerService | main
2016-05-29 16:52:10,270 | INFO  | PListStore:[/home/ssl7/Downloads/apache-activemq-5.13.3/data/localhost/tmp_storage] started | org.apache.activemq.store.kahadb.plist.PListStoreImpl | main
2016-05-29 16:52:10,427 | INFO  | Apache ActiveMQ 5.13.3 (localhost, ID:ssl7-Lenovo-U31-70-43113-1464533530285-0:1) is starting | org.apache.activemq.broker.BrokerService | main
2016-05-29 16:52:10,484 | INFO  | Listening for connections at: tcp://ssl7-Lenovo-U31-70:61616?maximumConnections=1000&wireFormat.maxFrameSize=104857600 | org.apache.activemq.transport.TransportServerThreadSupport | main
2016-05-29 16:52:10,487 | INFO  | Connector openwire started | org.apache.activemq.broker.TransportConnector | main
2016-05-29 16:52:10,492 | INFO  | Listening for connections at: amqp://ssl7-Lenovo-U31-70:5672?maximumConnections=1000&wireFormat.maxFrameSize=104857600 | org.apache.activemq.transport.TransportServerThreadSupport | main
2016-05-29 16:52:10,495 | INFO  | Connector amqp started | org.apache.activemq.broker.TransportConnector | main
2016-05-29 16:52:10,503 | INFO  | Listening for connections at: stomp://ssl7-Lenovo-U31-70:61613?maximumConnections=1000&wireFormat.maxFrameSize=104857600 | org.apache.activemq.transport.TransportServerThreadSupport | main
2016-05-29 16:52:10,505 | INFO  | Connector stomp started | org.apache.activemq.broker.TransportConnector | main
2016-05-29 16:52:10,512 | INFO  | Listening for connections at: mqtt://ssl7-Lenovo-U31-70:1883?maximumConnections=1000&wireFormat.maxFrameSize=104857600 | org.apache.activemq.transport.TransportServerThreadSupport | main
2016-05-29 16:52:10,515 | INFO  | Connector mqtt started | org.apache.activemq.broker.TransportConnector | main
2016-05-29 16:52:10,879 | WARN  | ServletContext@o.e.j.s.ServletContextHandler@4eaf3684{/,null,STARTING} has uncovered http methods for path: / | org.eclipse.jetty.security.SecurityHandler | main
2016-05-29 16:52:10,963 | INFO  | Listening for connections at ws://ssl7-Lenovo-U31-70:61614?maximumConnections=1000&wireFormat.maxFrameSize=104857600 | org.apache.activemq.transport.ws.WSTransportServer | main
2016-05-29 16:52:10,964 | INFO  | Connector ws started | org.apache.activemq.broker.TransportConnector | main
2016-05-29 16:52:10,966 | INFO  | Apache ActiveMQ 5.13.3 (localhost, ID:ssl7-Lenovo-U31-70-43113-1464533530285-0:1) started | org.apache.activemq.broker.BrokerService | main
2016-05-29 16:52:10,967 | INFO  | For help or more information please see: http://activemq.apache.org | org.apache.activemq.broker.BrokerService | main
2016-05-29 16:52:11,984 | INFO  | No Spring WebApplicationInitializer types detected on classpath | /admin | main
2016-05-29 16:52:12,410 | INFO  | ActiveMQ WebConsole available at http://0.0.0.0:8161/ | org.apache.activemq.web.WebConsoleStarter | main
2016-05-29 16:52:12,411 | INFO  | ActiveMQ Jolokia REST API available at http://0.0.0.0:8161/api/jolokia/ | org.apache.activemq.web.WebConsoleStarter | main
2016-05-29 16:52:12,489 | INFO  | Initializing Spring FrameworkServlet 'dispatcher' | /admin | main
2016-05-29 16:52:13,001 | INFO  | No Spring WebApplicationInitializer types detected on classpath | /api | main
2016-05-29 16:52:13,128 | INFO  | jolokia-agent: Using policy access restrictor classpath:/jolokia-access.xml | /api | main
2016-05-29 17:01:13,266 | WARN  | Transport Connection to: tcp://127.0.0.1:55698 failed: java.io.EOFException | org.apache.activemq.broker.TransportConnection.Transport | ActiveMQ Transport: tcp:///127.0.0.1:55698@61616
2016-05-29 17:01:21,954 | WARN  | Transport Connection to: tcp://127.0.0.1:55716 failed: java.io.EOFException | org.apache.activemq.broker.TransportConnection.Transport | ActiveMQ Transport: tcp:///127.0.0.1:55716@61616
2016-05-29 17:10:50,024 | WARN  | Transport Connection to: tcp://127.0.0.1:55854 failed: java.io.EOFException | org.apache.activemq.broker.TransportConnection.Transport | ActiveMQ Transport: tcp:///127.0.0.1:55854@61616
2016-05-29 17:10:57,767 | WARN  | Transport Connection to: tcp://127.0.0.1:55868 failed: java.io.EOFException | org.apache.activemq.broker.TransportConnection.Transport | ActiveMQ Transport: tcp:///127.0.0.1:55868@61616
2016-05-29 17:13:25,924 | WARN  | Transport Connection to: tcp://127.0.0.1:55980 failed: java.io.EOFException | org.apache.activemq.broker.TransportConnection.Transport | ActiveMQ Transport: tcp:///127.0.0.1:55980@61616
2016-05-29 17:14:51,628 | WARN  | Transport Connection to: tcp://127.0.0.1:55998 failed: java.io.EOFException | org.apache.activemq.broker.TransportConnection.Transport | ActiveMQ Transport: tcp:///127.0.0.1:55998@61616
2016-05-29 17:14:51,628 | WARN  | Transport Connection to: tcp://127.0.0.1:55990 failed: java.io.EOFException | org.apache.activemq.broker.TransportConnection.Transport | ActiveMQ Transport: tcp:///127.0.0.1:55990@61616
2016-05-29 17:59:30,334 | INFO  | Connector vm://localhost started | org.apache.activemq.broker.TransportConnector | qtp1573605215-34
2016-05-29 18:01:11,151 | WARN  | Transport Connection to: tcp://127.0.0.1:56598 failed: java.io.EOFException | org.apache.activemq.broker.TransportConnection.Transport | ActiveMQ Transport: tcp:///127.0.0.1:56598@61616
2016-05-29 18:02:55,991 | WARN  |  | org.eclipse.jetty.servlet.ServletHandler | qtp1573605215-40
org.apache.jasper.JasperException: An exception occurred processing JSP page /queueConsumers.jsp at line 58

55: </tr>
56: </thead>
57: <tbody>
58: <c:forEach items="${requestContext.queueConsumerQuery.consumers}" var="row">
59: <tr>
60: 	<td>
61:         <c:choose>


Stacktrace:
	at org.apache.jasper.servlet.JspServletWrapper.handleJspException(JspServletWrapper.java:568)[apache-jsp-8.0.9.M3.jar:2.3]
	at org.apache.jasper.servlet.JspServletWrapper.service(JspServletWrapper.java:470)[apache-jsp-8.0.9.M3.jar:2.3]
	at org.apache.jasper.servlet.JspServlet.serviceJspFile(JspServlet.java:405)[apache-jsp-8.0.9.M3.jar:2.3]
	at org.apache.jasper.servlet.JspServlet.service(JspServlet.java:349)[apache-jsp-8.0.9.M3.jar:2.3]
	at org.eclipse.jetty.jsp.JettyJspServlet.service(JettyJspServlet.java:107)[apache-jsp-9.2.13.v20150730.jar:9.2.13.v20150730]
	at javax.servlet.http.HttpServlet.service(HttpServlet.java:729)[tomcat-servlet-api-8.0.24.jar:]
	at org.eclipse.jetty.servlet.ServletHolder.handle(ServletHolder.java:808)[jetty-all-9.2.13.v20150730.jar:9.2.13.v20150730]
	at org.eclipse.jetty.servlet.ServletHandler$CachedChain.doFilter(ServletHandler.java:1669)[jetty-all-9.2.13.v20150730.jar:9.2.13.v20150730]
	at org.springframework.web.filter.RequestContextFilter.doFilterInternal(RequestContextFilter.java:99)[spring-web-4.1.9.RELEASE.jar:4.1.9.RELEASE]
	at org.springframework.web.filter.OncePerRequestFilter.doFilter(OncePerRequestFilter.java:107)[spring-web-4.1.9.RELEASE.jar:4.1.9.RELEASE]
	at org.eclipse.jetty.servlet.ServletHandler$CachedChain.doFilter(ServletHandler.java:1652)[jetty-all-9.2.13.v20150730.jar:9.2.13.v20150730]
	at org.apache.activemq.web.SessionFilter.doFilter(SessionFilter.java:45)[activemq-web-5.13.3.jar:5.13.3]
	at org.eclipse.jetty.servlet.ServletHandler$CachedChain.doFilter(ServletHandler.java:1652)[jetty-all-9.2.13.v20150730.jar:9.2.13.v20150730]
	at org.apache.activemq.web.filter.ApplicationContextFilter.doFilter(ApplicationContextFilter.java:102)[file:/home/ssl7/Downloads/apache-activemq-5.13.3/webapps/admin/WEB-INF/classes/:]
	at org.eclipse.jetty.servlet.ServletHandler$CachedChain.doFilter(ServletHandler.java:1652)[jetty-all-9.2.13.v20150730.jar:9.2.13.v20150730]
	at org.eclipse.jetty.servlet.ServletHandler.doHandle(ServletHandler.java:585)[jetty-all-9.2.13.v20150730.jar:9.2.13.v20150730]
	at org.eclipse.jetty.server.handler.ScopedHandler.handle(ScopedHandler.java:143)[jetty-all-9.2.13.v20150730.jar:9.2.13.v20150730]
	at org.eclipse.jetty.security.SecurityHandler.handle(SecurityHandler.java:542)[jetty-all-9.2.13.v20150730.jar:9.2.13.v20150730]
	at org.eclipse.jetty.server.session.SessionHandler.doHandle(SessionHandler.java:223)[jetty-all-9.2.13.v20150730.jar:9.2.13.v20150730]
	at org.eclipse.jetty.server.handler.ContextHandler.doHandle(ContextHandler.java:1127)[jetty-all-9.2.13.v20150730.jar:9.2.13.v20150730]
	at org.eclipse.jetty.servlet.ServletHandler.doScope(ServletHandler.java:515)[jetty-all-9.2.13.v20150730.jar:9.2.13.v20150730]
	at org.eclipse.jetty.server.session.SessionHandler.doScope(SessionHandler.java:185)[jetty-all-9.2.13.v20150730.jar:9.2.13.v20150730]
	at org.eclipse.jetty.server.handler.ContextHandler.doScope(ContextHandler.java:1061)[jetty-all-9.2.13.v20150730.jar:9.2.13.v20150730]
	at org.eclipse.jetty.server.handler.ScopedHandler.handle(ScopedHandler.java:141)[jetty-all-9.2.13.v20150730.jar:9.2.13.v20150730]
	at org.eclipse.jetty.server.handler.HandlerCollection.handle(HandlerCollection.java:110)[jetty-all-9.2.13.v20150730.jar:9.2.13.v20150730]
	at org.eclipse.jetty.security.SecurityHandler.handle(SecurityHandler.java:542)[jetty-all-9.2.13.v20150730.jar:9.2.13.v20150730]
	at org.eclipse.jetty.server.handler.HandlerCollection.handle(HandlerCollection.java:110)[jetty-all-9.2.13.v20150730.jar:9.2.13.v20150730]
	at org.eclipse.jetty.server.handler.HandlerWrapper.handle(HandlerWrapper.java:97)[jetty-all-9.2.13.v20150730.jar:9.2.13.v20150730]
	at org.eclipse.jetty.server.Server.handle(Server.java:499)[jetty-all-9.2.13.v20150730.jar:9.2.13.v20150730]
	at org.eclipse.jetty.server.HttpChannel.handle(HttpChannel.java:310)[jetty-all-9.2.13.v20150730.jar:9.2.13.v20150730]
	at org.eclipse.jetty.server.HttpConnection.onFillable(HttpConnection.java:257)[jetty-all-9.2.13.v20150730.jar:9.2.13.v20150730]
	at org.eclipse.jetty.io.AbstractConnection$2.run(AbstractConnection.java:540)[jetty-all-9.2.13.v20150730.jar:9.2.13.v20150730]
	at org.eclipse.jetty.util.thread.QueuedThreadPool.runJob(QueuedThreadPool.java:635)[jetty-all-9.2.13.v20150730.jar:9.2.13.v20150730]
	at org.eclipse.jetty.util.thread.QueuedThreadPool$3.run(QueuedThreadPool.java:555)[jetty-all-9.2.13.v20150730.jar:9.2.13.v20150730]
	at java.lang.Thread.run(Thread.java:745)[:1.8.0_91]
2016-05-29 18:04:35,296 | WARN  | Transport Connection to: tcp://127.0.0.1:56730 failed: java.io.EOFException | org.apache.activemq.broker.TransportConnection.Transport | ActiveMQ Transport: tcp:///127.0.0.1:56730@61616
2016-05-29 19:00:04,545 | WARN  | Transport Connection to: tcp://127.0.0.1:56870 failed: java.io.EOFException | org.apache.activemq.broker.TransportConnection.Transport | ActiveMQ Transport: tcp:///127.0.0.1:56870@61616
2016-05-29 19:00:49,550 | INFO  | Apache ActiveMQ 5.13.3 (localhost, ID:ssl7-Lenovo-U31-70-43113-1464533530285-0:1) is shutting down | org.apache.activemq.broker.BrokerService | Thread-23
2016-05-29 19:00:49,915 | INFO  | Connector openwire stopped | org.apache.activemq.broker.TransportConnector | Thread-23
2016-05-29 19:00:49,941 | INFO  | Connector amqp stopped | org.apache.activemq.broker.TransportConnector | Thread-23
2016-05-29 19:00:49,960 | INFO  | Connector stomp stopped | org.apache.activemq.broker.TransportConnector | Thread-23
2016-05-29 19:00:50,337 | INFO  | Connector mqtt stopped | org.apache.activemq.broker.TransportConnector | Thread-23
2016-05-29 19:00:50,794 | INFO  | Connector ws stopped | org.apache.activemq.broker.TransportConnector | Thread-23
2016-05-29 19:00:50,878 | INFO  | Connector vm://localhost stopped | org.apache.activemq.broker.TransportConnector | Thread-23
2016-05-29 19:00:50,959 | INFO  | PListStore:[/home/ssl7/Downloads/apache-activemq-5.13.3/data/localhost/tmp_storage] stopped | org.apache.activemq.store.kahadb.plist.PListStoreImpl | Thread-23
2016-05-29 19:00:50,962 | INFO  | Stopping async queue tasks | org.apache.activemq.store.kahadb.KahaDBStore | Thread-23
2016-05-29 19:00:50,962 | INFO  | Stopping async topic tasks | org.apache.activemq.store.kahadb.KahaDBStore | Thread-23
2016-05-29 19:00:50,963 | INFO  | Stopped KahaDB | org.apache.activemq.store.kahadb.KahaDBStore | Thread-23
2016-05-29 19:00:51,245 | INFO  | Apache ActiveMQ 5.13.3 (localhost, ID:ssl7-Lenovo-U31-70-43113-1464533530285-0:1) uptime 2 hours 8 minutes | org.apache.activemq.broker.BrokerService | Thread-23
2016-05-29 19:00:51,248 | INFO  | Apache ActiveMQ 5.13.3 (localhost, ID:ssl7-Lenovo-U31-70-43113-1464533530285-0:1) is shutdown | org.apache.activemq.broker.BrokerService | Thread-23
2016-05-29 19:00:51,280 | INFO  | Closing org.apache.activemq.xbean.XBeanBrokerFactory$1@29ee9faa: startup date [Sun May 29 16:52:08 CEST 2016]; root of context hierarchy | org.apache.activemq.xbean.XBeanBrokerFactory$1 | Thread-23
2016-05-29 19:00:51,524 | INFO  | Destroying Spring FrameworkServlet 'dispatcher' | /admin | Thread-23
2016-05-29 23:09:05,706 | INFO  | Refreshing org.apache.activemq.xbean.XBeanBrokerFactory$1@29ee9faa: startup date [Sun May 29 23:09:05 CEST 2016]; root of context hierarchy | org.apache.activemq.xbean.XBeanBrokerFactory$1 | main
2016-05-29 23:09:07,369 | INFO  | Using Persistence Adapter: KahaDBPersistenceAdapter[/home/ssl7/Downloads/apache-activemq-5.13.3/data/kahadb] | org.apache.activemq.broker.BrokerService | main
2016-05-29 23:09:07,829 | INFO  | KahaDB is version 6 | org.apache.activemq.store.kahadb.MessageDatabase | main
2016-05-29 23:09:07,973 | INFO  | Recovering from the journal @1:504 | org.apache.activemq.store.kahadb.MessageDatabase | main
2016-05-29 23:09:08,010 | INFO  | Recovery replayed 1540 operations from the journal in 0.116 seconds. | org.apache.activemq.store.kahadb.MessageDatabase | main
2016-05-29 23:09:08,020 | INFO  | PListStore:[/home/ssl7/Downloads/apache-activemq-5.13.3/data/localhost/tmp_storage] started | org.apache.activemq.store.kahadb.plist.PListStoreImpl | main
2016-05-29 23:09:08,189 | INFO  | Apache ActiveMQ 5.13.3 (localhost, ID:ssl7-Lenovo-U31-70-43873-1464556148038-0:1) is starting | org.apache.activemq.broker.BrokerService | main
2016-05-29 23:09:08,393 | INFO  | Listening for connections at: tcp://ssl7-Lenovo-U31-70:61616?maximumConnections=1000&wireFormat.maxFrameSize=104857600 | org.apache.activemq.transport.TransportServerThreadSupport | main
2016-05-29 23:09:08,395 | INFO  | Connector openwire started | org.apache.activemq.broker.TransportConnector | main
2016-05-29 23:09:08,401 | INFO  | Listening for connections at: amqp://ssl7-Lenovo-U31-70:5672?maximumConnections=1000&wireFormat.maxFrameSize=104857600 | org.apache.activemq.transport.TransportServerThreadSupport | main
2016-05-29 23:09:08,403 | INFO  | Connector amqp started | org.apache.activemq.broker.TransportConnector | main
2016-05-29 23:09:08,409 | INFO  | Listening for connections at: stomp://ssl7-Lenovo-U31-70:61613?maximumConnections=1000&wireFormat.maxFrameSize=104857600 | org.apache.activemq.transport.TransportServerThreadSupport | main
2016-05-29 23:09:08,412 | INFO  | Connector stomp started | org.apache.activemq.broker.TransportConnector | main
2016-05-29 23:09:08,418 | INFO  | Listening for connections at: mqtt://ssl7-Lenovo-U31-70:1883?maximumConnections=1000&wireFormat.maxFrameSize=104857600 | org.apache.activemq.transport.TransportServerThreadSupport | main
2016-05-29 23:09:08,420 | INFO  | Connector mqtt started | org.apache.activemq.broker.TransportConnector | main
2016-05-29 23:09:08,664 | WARN  | ServletContext@o.e.j.s.ServletContextHandler@4f0100a7{/,null,STARTING} has uncovered http methods for path: / | org.eclipse.jetty.security.SecurityHandler | main
2016-05-29 23:09:08,739 | INFO  | Listening for connections at ws://ssl7-Lenovo-U31-70:61614?maximumConnections=1000&wireFormat.maxFrameSize=104857600 | org.apache.activemq.transport.ws.WSTransportServer | main
2016-05-29 23:09:08,740 | INFO  | Connector ws started | org.apache.activemq.broker.TransportConnector | main
2016-05-29 23:09:08,742 | INFO  | Apache ActiveMQ 5.13.3 (localhost, ID:ssl7-Lenovo-U31-70-43873-1464556148038-0:1) started | org.apache.activemq.broker.BrokerService | main
2016-05-29 23:09:08,743 | INFO  | For help or more information please see: http://activemq.apache.org | org.apache.activemq.broker.BrokerService | main
2016-05-29 23:09:09,901 | INFO  | No Spring WebApplicationInitializer types detected on classpath | /admin | main
2016-05-29 23:09:10,061 | INFO  | ActiveMQ WebConsole available at http://0.0.0.0:8161/ | org.apache.activemq.web.WebConsoleStarter | main
2016-05-29 23:09:10,061 | INFO  | ActiveMQ Jolokia REST API available at http://0.0.0.0:8161/api/jolokia/ | org.apache.activemq.web.WebConsoleStarter | main
2016-05-29 23:09:10,124 | INFO  | Initializing Spring FrameworkServlet 'dispatcher' | /admin | main
2016-05-29 23:09:10,559 | INFO  | No Spring WebApplicationInitializer types detected on classpath | /api | main
2016-05-29 23:09:10,675 | INFO  | jolokia-agent: Using policy access restrictor classpath:/jolokia-access.xml | /api | main
2016-05-29 23:11:34,822 | INFO  | Connector vm://localhost started | org.apache.activemq.broker.TransportConnector | qtp768216420-45
2016-05-29 23:14:40,740 | INFO  | Apache ActiveMQ 5.13.3 (localhost, ID:ssl7-Lenovo-U31-70-43873-1464556148038-0:1) is shutting down | org.apache.activemq.broker.BrokerService | ActiveMQ ShutdownHook
2016-05-29 23:14:40,763 | INFO  | Connector openwire stopped | org.apache.activemq.broker.TransportConnector | ActiveMQ ShutdownHook
2016-05-29 23:14:40,766 | INFO  | Connector amqp stopped | org.apache.activemq.broker.TransportConnector | ActiveMQ ShutdownHook
2016-05-29 23:14:40,777 | INFO  | Connector stomp stopped | org.apache.activemq.broker.TransportConnector | ActiveMQ ShutdownHook
2016-05-29 23:14:40,778 | INFO  | socketQueue interrupted - stopping | org.apache.activemq.transport.tcp.TcpTransportServer | ActiveMQ Transport Server Thread Handler: stomp://0.0.0.0:61613?maximumConnections=1000&wireFormat.maxFrameSize=104857600
2016-05-29 23:14:40,781 | ERROR | Could not accept connection : java.lang.InterruptedException | org.apache.activemq.broker.TransportConnector | ActiveMQ Transport Server Thread Handler: stomp://0.0.0.0:61613?maximumConnections=1000&wireFormat.maxFrameSize=104857600
2016-05-29 23:14:40,787 | INFO  | Connector mqtt stopped | org.apache.activemq.broker.TransportConnector | ActiveMQ ShutdownHook
2016-05-29 23:14:40,813 | INFO  | Connector ws stopped | org.apache.activemq.broker.TransportConnector | ActiveMQ ShutdownHook
2016-05-29 23:14:40,825 | INFO  | Connector vm://localhost stopped | org.apache.activemq.broker.TransportConnector | ActiveMQ ShutdownHook
2016-05-29 23:14:40,830 | INFO  | PListStore:[/home/ssl7/Downloads/apache-activemq-5.13.3/data/localhost/tmp_storage] stopped | org.apache.activemq.store.kahadb.plist.PListStoreImpl | ActiveMQ ShutdownHook
2016-05-29 23:14:40,834 | INFO  | Stopping async queue tasks | org.apache.activemq.store.kahadb.KahaDBStore | ActiveMQ ShutdownHook
2016-05-29 23:14:40,836 | INFO  | Stopping async topic tasks | org.apache.activemq.store.kahadb.KahaDBStore | ActiveMQ ShutdownHook
2016-05-29 23:14:40,838 | INFO  | Stopped KahaDB | org.apache.activemq.store.kahadb.KahaDBStore | ActiveMQ ShutdownHook
2016-05-29 23:14:41,008 | INFO  | Apache ActiveMQ 5.13.3 (localhost, ID:ssl7-Lenovo-U31-70-43873-1464556148038-0:1) uptime 5 minutes | org.apache.activemq.broker.BrokerService | ActiveMQ ShutdownHook
2016-05-29 23:14:41,010 | INFO  | Apache ActiveMQ 5.13.3 (localhost, ID:ssl7-Lenovo-U31-70-43873-1464556148038-0:1) is shutdown | org.apache.activemq.broker.BrokerService | ActiveMQ ShutdownHook
2016-05-29 23:14:41,011 | INFO  | Closing org.apache.activemq.xbean.XBeanBrokerFactory$1@29ee9faa: startup date [Sun May 29 23:09:05 CEST 2016]; root of context hierarchy | org.apache.activemq.xbean.XBeanBrokerFactory$1 | ActiveMQ ShutdownHook
2016-05-29 23:14:41,089 | INFO  | Destroying Spring FrameworkServlet 'dispatcher' | /admin | ActiveMQ ShutdownHook
2016-05-30 01:01:51,361 | INFO  | Refreshing org.apache.activemq.xbean.XBeanBrokerFactory$1@29ee9faa: startup date [Mon May 30 01:01:51 CEST 2016]; root of context hierarchy | org.apache.activemq.xbean.XBeanBrokerFactory$1 | main
2016-05-30 01:01:55,428 | INFO  | Using Persistence Adapter: KahaDBPersistenceAdapter[/home/ssl7/Downloads/apache-activemq-5.13.3/data/kahadb] | org.apache.activemq.broker.BrokerService | main
2016-05-30 01:01:56,096 | INFO  | KahaDB is version 6 | org.apache.activemq.store.kahadb.MessageDatabase | main
2016-05-30 01:01:56,413 | INFO  | Recovering from the journal @1:184240 | org.apache.activemq.store.kahadb.MessageDatabase | main
2016-05-30 01:01:56,441 | INFO  | Recovery replayed 72 operations from the journal in 0.267 seconds. | org.apache.activemq.store.kahadb.MessageDatabase | main
2016-05-30 01:01:56,464 | INFO  | PListStore:[/home/ssl7/Downloads/apache-activemq-5.13.3/data/localhost/tmp_storage] started | org.apache.activemq.store.kahadb.plist.PListStoreImpl | main
2016-05-30 01:01:56,671 | INFO  | Apache ActiveMQ 5.13.3 (localhost, ID:ssl7-Lenovo-U31-70-41979-1464562916509-0:1) is starting | org.apache.activemq.broker.BrokerService | main
2016-05-30 01:01:56,987 | INFO  | Listening for connections at: tcp://ssl7-Lenovo-U31-70:61616?maximumConnections=1000&wireFormat.maxFrameSize=104857600 | org.apache.activemq.transport.TransportServerThreadSupport | main
2016-05-30 01:01:57,010 | INFO  | Connector openwire started | org.apache.activemq.broker.TransportConnector | main
2016-05-30 01:01:57,034 | INFO  | Listening for connections at: amqp://ssl7-Lenovo-U31-70:5672?maximumConnections=1000&wireFormat.maxFrameSize=104857600 | org.apache.activemq.transport.TransportServerThreadSupport | main
2016-05-30 01:01:57,050 | INFO  | Connector amqp started | org.apache.activemq.broker.TransportConnector | main
2016-05-30 01:01:57,074 | INFO  | Listening for connections at: stomp://ssl7-Lenovo-U31-70:61613?maximumConnections=1000&wireFormat.maxFrameSize=104857600 | org.apache.activemq.transport.TransportServerThreadSupport | main
2016-05-30 01:01:57,077 | INFO  | Connector stomp started | org.apache.activemq.broker.TransportConnector | main
2016-05-30 01:01:57,092 | INFO  | Listening for connections at: mqtt://ssl7-Lenovo-U31-70:1883?maximumConnections=1000&wireFormat.maxFrameSize=104857600 | org.apache.activemq.transport.TransportServerThreadSupport | main
2016-05-30 01:01:57,094 | INFO  | Connector mqtt started | org.apache.activemq.broker.TransportConnector | main
2016-05-30 01:01:57,694 | WARN  | ServletContext@o.e.j.s.ServletContextHandler@74589991{/,null,STARTING} has uncovered http methods for path: / | org.eclipse.jetty.security.SecurityHandler | main
2016-05-30 01:01:58,015 | INFO  | Listening for connections at ws://ssl7-Lenovo-U31-70:61614?maximumConnections=1000&wireFormat.maxFrameSize=104857600 | org.apache.activemq.transport.ws.WSTransportServer | main
2016-05-30 01:01:58,018 | INFO  | Connector ws started | org.apache.activemq.broker.TransportConnector | main
2016-05-30 01:01:58,030 | INFO  | Apache ActiveMQ 5.13.3 (localhost, ID:ssl7-Lenovo-U31-70-41979-1464562916509-0:1) started | org.apache.activemq.broker.BrokerService | main
2016-05-30 01:01:58,033 | INFO  | For help or more information please see: http://activemq.apache.org | org.apache.activemq.broker.BrokerService | main
2016-05-30 01:02:00,516 | INFO  | No Spring WebApplicationInitializer types detected on classpath | /admin | main
2016-05-30 01:02:02,079 | INFO  | ActiveMQ WebConsole available at http://0.0.0.0:8161/ | org.apache.activemq.web.WebConsoleStarter | main
2016-05-30 01:02:02,096 | INFO  | ActiveMQ Jolokia REST API available at http://0.0.0.0:8161/api/jolokia/ | org.apache.activemq.web.WebConsoleStarter | main
2016-05-30 01:02:02,446 | INFO  | Initializing Spring FrameworkServlet 'dispatcher' | /admin | main
2016-05-30 01:02:04,426 | INFO  | No Spring WebApplicationInitializer types detected on classpath | /api | main
2016-05-30 01:02:04,670 | INFO  | jolokia-agent: Using policy access restrictor classpath:/jolokia-access.xml | /api | main
2016-05-30 01:02:29,865 | WARN  |  | org.eclipse.jetty.servlet.ServletHandler | qtp154988899-39
org.springframework.web.util.NestedServletException: Request processing failed; nested exception is java.lang.UnsupportedOperationException: Possible CSRF attack
	at org.springframework.web.servlet.FrameworkServlet.processRequest(FrameworkServlet.java:977)[spring-webmvc-4.1.9.RELEASE.jar:4.1.9.RELEASE]
	at org.springframework.web.servlet.FrameworkServlet.doGet(FrameworkServlet.java:856)[spring-webmvc-4.1.9.RELEASE.jar:4.1.9.RELEASE]
	at javax.servlet.http.HttpServlet.service(HttpServlet.java:622)[tomcat-servlet-api-8.0.24.jar:]
	at org.springframework.web.servlet.FrameworkServlet.service(FrameworkServlet.java:841)[spring-webmvc-4.1.9.RELEASE.jar:4.1.9.RELEASE]
	at javax.servlet.http.HttpServlet.service(HttpServlet.java:729)[tomcat-servlet-api-8.0.24.jar:]
	at org.eclipse.jetty.servlet.ServletHolder.handle(ServletHolder.java:808)[jetty-all-9.2.13.v20150730.jar:9.2.13.v20150730]
	at org.eclipse.jetty.servlet.ServletHandler$CachedChain.doFilter(ServletHandler.java:1669)[jetty-all-9.2.13.v20150730.jar:9.2.13.v20150730]
	at org.apache.activemq.web.AuditFilter.doFilter(AuditFilter.java:59)[activemq-web-5.13.3.jar:5.13.3]
	at org.eclipse.jetty.servlet.ServletHandler$CachedChain.doFilter(ServletHandler.java:1652)[jetty-all-9.2.13.v20150730.jar:9.2.13.v20150730]
	at org.springframework.web.filter.RequestContextFilter.doFilterInternal(RequestContextFilter.java:99)[spring-web-4.1.9.RELEASE.jar:4.1.9.RELEASE]
	at org.springframework.web.filter.OncePerRequestFilter.doFilter(OncePerRequestFilter.java:107)[spring-web-4.1.9.RELEASE.jar:4.1.9.RELEASE]
	at org.eclipse.jetty.servlet.ServletHandler$CachedChain.doFilter(ServletHandler.java:1652)[jetty-all-9.2.13.v20150730.jar:9.2.13.v20150730]
	at org.apache.activemq.web.filter.ApplicationContextFilter.doFilter(ApplicationContextFilter.java:102)[file:/home/ssl7/Downloads/apache-activemq-5.13.3/webapps/admin/WEB-INF/classes/:]
	at org.eclipse.jetty.servlet.ServletHandler$CachedChain.doFilter(ServletHandler.java:1652)[jetty-all-9.2.13.v20150730.jar:9.2.13.v20150730]
	at org.eclipse.jetty.servlet.ServletHandler.doHandle(ServletHandler.java:585)[jetty-all-9.2.13.v20150730.jar:9.2.13.v20150730]
	at org.eclipse.jetty.server.handler.ScopedHandler.handle(ScopedHandler.java:143)[jetty-all-9.2.13.v20150730.jar:9.2.13.v20150730]
	at org.eclipse.jetty.security.SecurityHandler.handle(SecurityHandler.java:542)[jetty-all-9.2.13.v20150730.jar:9.2.13.v20150730]
	at org.eclipse.jetty.server.session.SessionHandler.doHandle(SessionHandler.java:223)[jetty-all-9.2.13.v20150730.jar:9.2.13.v20150730]
	at org.eclipse.jetty.server.handler.ContextHandler.doHandle(ContextHandler.java:1127)[jetty-all-9.2.13.v20150730.jar:9.2.13.v20150730]
	at org.eclipse.jetty.servlet.ServletHandler.doScope(ServletHandler.java:515)[jetty-all-9.2.13.v20150730.jar:9.2.13.v20150730]
	at org.eclipse.jetty.server.session.SessionHandler.doScope(SessionHandler.java:185)[jetty-all-9.2.13.v20150730.jar:9.2.13.v20150730]
	at org.eclipse.jetty.server.handler.ContextHandler.doScope(ContextHandler.java:1061)[jetty-all-9.2.13.v20150730.jar:9.2.13.v20150730]
	at org.eclipse.jetty.server.handler.ScopedHandler.handle(ScopedHandler.java:141)[jetty-all-9.2.13.v20150730.jar:9.2.13.v20150730]
	at org.eclipse.jetty.server.handler.HandlerCollection.handle(HandlerCollection.java:110)[jetty-all-9.2.13.v20150730.jar:9.2.13.v20150730]
	at org.eclipse.jetty.security.SecurityHandler.handle(SecurityHandler.java:542)[jetty-all-9.2.13.v20150730.jar:9.2.13.v20150730]
	at org.eclipse.jetty.server.handler.HandlerCollection.handle(HandlerCollection.java:110)[jetty-all-9.2.13.v20150730.jar:9.2.13.v20150730]
	at org.eclipse.jetty.server.handler.HandlerWrapper.handle(HandlerWrapper.java:97)[jetty-all-9.2.13.v20150730.jar:9.2.13.v20150730]
	at org.eclipse.jetty.server.Server.handle(Server.java:499)[jetty-all-9.2.13.v20150730.jar:9.2.13.v20150730]
	at org.eclipse.jetty.server.HttpChannel.handle(HttpChannel.java:310)[jetty-all-9.2.13.v20150730.jar:9.2.13.v20150730]
	at org.eclipse.jetty.server.HttpConnection.onFillable(HttpConnection.java:257)[jetty-all-9.2.13.v20150730.jar:9.2.13.v20150730]
	at org.eclipse.jetty.io.AbstractConnection$2.run(AbstractConnection.java:540)[jetty-all-9.2.13.v20150730.jar:9.2.13.v20150730]
	at org.eclipse.jetty.util.thread.QueuedThreadPool.runJob(QueuedThreadPool.java:635)[jetty-all-9.2.13.v20150730.jar:9.2.13.v20150730]
	at org.eclipse.jetty.util.thread.QueuedThreadPool$3.run(QueuedThreadPool.java:555)[jetty-all-9.2.13.v20150730.jar:9.2.13.v20150730]
	at java.lang.Thread.run(Thread.java:745)[:1.8.0_91]
2016-05-30 01:02:44,796 | WARN  |  | org.eclipse.jetty.servlet.ServletHandler | qtp154988899-38
org.springframework.web.util.NestedServletException: Request processing failed; nested exception is java.lang.UnsupportedOperationException: Possible CSRF attack
	at org.springframework.web.servlet.FrameworkServlet.processRequest(FrameworkServlet.java:977)[spring-webmvc-4.1.9.RELEASE.jar:4.1.9.RELEASE]
	at org.springframework.web.servlet.FrameworkServlet.doGet(FrameworkServlet.java:856)[spring-webmvc-4.1.9.RELEASE.jar:4.1.9.RELEASE]
	at javax.servlet.http.HttpServlet.service(HttpServlet.java:622)[tomcat-servlet-api-8.0.24.jar:]
	at org.springframework.web.servlet.FrameworkServlet.service(FrameworkServlet.java:841)[spring-webmvc-4.1.9.RELEASE.jar:4.1.9.RELEASE]
	at javax.servlet.http.HttpServlet.service(HttpServlet.java:729)[tomcat-servlet-api-8.0.24.jar:]
	at org.eclipse.jetty.servlet.ServletHolder.handle(ServletHolder.java:808)[jetty-all-9.2.13.v20150730.jar:9.2.13.v20150730]
	at org.eclipse.jetty.servlet.ServletHandler$CachedChain.doFilter(ServletHandler.java:1669)[jetty-all-9.2.13.v20150730.jar:9.2.13.v20150730]
	at org.apache.activemq.web.AuditFilter.doFilter(AuditFilter.java:59)[activemq-web-5.13.3.jar:5.13.3]
	at org.eclipse.jetty.servlet.ServletHandler$CachedChain.doFilter(ServletHandler.java:1652)[jetty-all-9.2.13.v20150730.jar:9.2.13.v20150730]
	at org.springframework.web.filter.RequestContextFilter.doFilterInternal(RequestContextFilter.java:99)[spring-web-4.1.9.RELEASE.jar:4.1.9.RELEASE]
	at org.springframework.web.filter.OncePerRequestFilter.doFilter(OncePerRequestFilter.java:107)[spring-web-4.1.9.RELEASE.jar:4.1.9.RELEASE]
	at org.eclipse.jetty.servlet.ServletHandler$CachedChain.doFilter(ServletHandler.java:1652)[jetty-all-9.2.13.v20150730.jar:9.2.13.v20150730]
	at org.apache.activemq.web.filter.ApplicationContextFilter.doFilter(ApplicationContextFilter.java:102)[file:/home/ssl7/Downloads/apache-activemq-5.13.3/webapps/admin/WEB-INF/classes/:]
	at org.eclipse.jetty.servlet.ServletHandler$CachedChain.doFilter(ServletHandler.java:1652)[jetty-all-9.2.13.v20150730.jar:9.2.13.v20150730]
	at org.eclipse.jetty.servlet.ServletHandler.doHandle(ServletHandler.java:585)[jetty-all-9.2.13.v20150730.jar:9.2.13.v20150730]
	at org.eclipse.jetty.server.handler.ScopedHandler.handle(ScopedHandler.java:143)[jetty-all-9.2.13.v20150730.jar:9.2.13.v20150730]
	at org.eclipse.jetty.security.SecurityHandler.handle(SecurityHandler.java:542)[jetty-all-9.2.13.v20150730.jar:9.2.13.v20150730]
	at org.eclipse.jetty.server.session.SessionHandler.doHandle(SessionHandler.java:223)[jetty-all-9.2.13.v20150730.jar:9.2.13.v20150730]
	at org.eclipse.jetty.server.handler.ContextHandler.doHandle(ContextHandler.java:1127)[jetty-all-9.2.13.v20150730.jar:9.2.13.v20150730]
	at org.eclipse.jetty.servlet.ServletHandler.doScope(ServletHandler.java:515)[jetty-all-9.2.13.v20150730.jar:9.2.13.v20150730]
	at org.eclipse.jetty.server.session.SessionHandler.doScope(SessionHandler.java:185)[jetty-all-9.2.13.v20150730.jar:9.2.13.v20150730]
	at org.eclipse.jetty.server.handler.ContextHandler.doScope(ContextHandler.java:1061)[jetty-all-9.2.13.v20150730.jar:9.2.13.v20150730]
	at org.eclipse.jetty.server.handler.ScopedHandler.handle(ScopedHandler.java:141)[jetty-all-9.2.13.v20150730.jar:9.2.13.v20150730]
	at org.eclipse.jetty.server.handler.HandlerCollection.handle(HandlerCollection.java:110)[jetty-all-9.2.13.v20150730.jar:9.2.13.v20150730]
	at org.eclipse.jetty.security.SecurityHandler.handle(SecurityHandler.java:542)[jetty-all-9.2.13.v20150730.jar:9.2.13.v20150730]
	at org.eclipse.jetty.server.handler.HandlerCollection.handle(HandlerCollection.java:110)[jetty-all-9.2.13.v20150730.jar:9.2.13.v20150730]
	at org.eclipse.jetty.server.handler.HandlerWrapper.handle(HandlerWrapper.java:97)[jetty-all-9.2.13.v20150730.jar:9.2.13.v20150730]
	at org.eclipse.jetty.server.Server.handle(Server.java:499)[jetty-all-9.2.13.v20150730.jar:9.2.13.v20150730]
	at org.eclipse.jetty.server.HttpChannel.handle(HttpChannel.java:310)[jetty-all-9.2.13.v20150730.jar:9.2.13.v20150730]
	at org.eclipse.jetty.server.HttpConnection.onFillable(HttpConnection.java:257)[jetty-all-9.2.13.v20150730.jar:9.2.13.v20150730]
	at org.eclipse.jetty.io.AbstractConnection$2.run(AbstractConnection.java:540)[jetty-all-9.2.13.v20150730.jar:9.2.13.v20150730]
	at org.eclipse.jetty.util.thread.QueuedThreadPool.runJob(QueuedThreadPool.java:635)[jetty-all-9.2.13.v20150730.jar:9.2.13.v20150730]
	at org.eclipse.jetty.util.thread.QueuedThreadPool$3.run(QueuedThreadPool.java:555)[jetty-all-9.2.13.v20150730.jar:9.2.13.v20150730]
	at java.lang.Thread.run(Thread.java:745)[:1.8.0_91]
2016-05-30 01:05:08,256 | INFO  | Connector vm://localhost started | org.apache.activemq.broker.TransportConnector | qtp154988899-39
2016-05-30 01:35:34,466 | INFO  | Connector vm://localhost stopped | org.apache.activemq.broker.TransportConnector | org.eclipse.jetty.server.session.HashSessionManager@56db847eTimer
2016-05-30 01:36:57,177 | WARN  | Transport Connection to: tcp://127.0.0.1:54022 failed: java.io.EOFException | org.apache.activemq.broker.TransportConnection.Transport | ActiveMQ Transport: tcp:///127.0.0.1:54022@61616
2016-05-30 01:37:54,526 | INFO  | Connector vm://localhost started | org.apache.activemq.broker.TransportConnector | qtp154988899-38
2016-05-30 01:39:04,504 | WARN  | Transport Connection to: tcp://127.0.0.1:54040 failed: java.io.EOFException | org.apache.activemq.broker.TransportConnection.Transport | ActiveMQ Transport: tcp:///127.0.0.1:54040@61616
2016-05-30 01:56:29,038 | INFO  | Apache ActiveMQ 5.13.3 (localhost, ID:ssl7-Lenovo-U31-70-41979-1464562916509-0:1) is shutting down | org.apache.activemq.broker.BrokerService | ActiveMQ ShutdownHook
2016-05-30 01:56:29,045 | INFO  | Connector openwire stopped | org.apache.activemq.broker.TransportConnector | ActiveMQ ShutdownHook
2016-05-30 01:56:29,047 | INFO  | Connector amqp stopped | org.apache.activemq.broker.TransportConnector | ActiveMQ ShutdownHook
2016-05-30 01:56:29,049 | INFO  | Connector stomp stopped | org.apache.activemq.broker.TransportConnector | ActiveMQ ShutdownHook
2016-05-30 01:56:29,051 | INFO  | Connector mqtt stopped | org.apache.activemq.broker.TransportConnector | ActiveMQ ShutdownHook
2016-05-30 01:56:29,091 | INFO  | Connector ws stopped | org.apache.activemq.broker.TransportConnector | ActiveMQ ShutdownHook
2016-05-30 01:56:29,113 | INFO  | Connector vm://localhost stopped | org.apache.activemq.broker.TransportConnector | ActiveMQ ShutdownHook
2016-05-30 01:56:29,120 | INFO  | PListStore:[/home/ssl7/Downloads/apache-activemq-5.13.3/data/localhost/tmp_storage] stopped | org.apache.activemq.store.kahadb.plist.PListStoreImpl | ActiveMQ ShutdownHook
2016-05-30 01:56:29,125 | INFO  | Stopping async queue tasks | org.apache.activemq.store.kahadb.KahaDBStore | ActiveMQ ShutdownHook
2016-05-30 01:56:29,125 | INFO  | Stopping async topic tasks | org.apache.activemq.store.kahadb.KahaDBStore | ActiveMQ ShutdownHook
2016-05-30 01:56:29,126 | INFO  | Stopped KahaDB | org.apache.activemq.store.kahadb.KahaDBStore | ActiveMQ ShutdownHook
2016-05-30 01:56:30,571 | INFO  | Apache ActiveMQ 5.13.3 (localhost, ID:ssl7-Lenovo-U31-70-41979-1464562916509-0:1) uptime 54 minutes | org.apache.activemq.broker.BrokerService | ActiveMQ ShutdownHook
2016-05-30 01:56:30,572 | INFO  | Apache ActiveMQ 5.13.3 (localhost, ID:ssl7-Lenovo-U31-70-41979-1464562916509-0:1) is shutdown | org.apache.activemq.broker.BrokerService | ActiveMQ ShutdownHook
2016-05-30 01:56:30,574 | INFO  | Closing org.apache.activemq.xbean.XBeanBrokerFactory$1@29ee9faa: startup date [Mon May 30 01:01:51 CEST 2016]; root of context hierarchy | org.apache.activemq.xbean.XBeanBrokerFactory$1 | ActiveMQ ShutdownHook
2016-05-30 01:56:30,613 | INFO  | Destroying Spring FrameworkServlet 'dispatcher' | /admin | ActiveMQ ShutdownHook
2016-05-30 13:39:35,394 | INFO  | Refreshing org.apache.activemq.xbean.XBeanBrokerFactory$1@29ee9faa: startup date [Mon May 30 13:39:35 CEST 2016]; root of context hierarchy | org.apache.activemq.xbean.XBeanBrokerFactory$1 | main
2016-05-30 13:39:36,915 | INFO  | Using Persistence Adapter: KahaDBPersistenceAdapter[/home/ssl7/Downloads/apache-activemq-5.13.3/data/kahadb] | org.apache.activemq.broker.BrokerService | main
2016-05-30 13:39:37,337 | INFO  | KahaDB is version 6 | org.apache.activemq.store.kahadb.MessageDatabase | main
2016-05-30 13:39:37,491 | INFO  | Recovering from the journal @1:252557 | org.apache.activemq.store.kahadb.MessageDatabase | main
2016-05-30 13:39:37,506 | INFO  | Recovery replayed 223 operations from the journal in 0.104 seconds. | org.apache.activemq.store.kahadb.MessageDatabase | main
2016-05-30 13:39:37,515 | INFO  | PListStore:[/home/ssl7/Downloads/apache-activemq-5.13.3/data/localhost/tmp_storage] started | org.apache.activemq.store.kahadb.plist.PListStoreImpl | main
2016-05-30 13:39:37,670 | INFO  | Apache ActiveMQ 5.13.3 (localhost, ID:ssl7-Lenovo-U31-70-38612-1464608377533-0:1) is starting | org.apache.activemq.broker.BrokerService | main
2016-05-30 13:39:37,840 | INFO  | Listening for connections at: tcp://ssl7-Lenovo-U31-70:61616?maximumConnections=1000&wireFormat.maxFrameSize=104857600 | org.apache.activemq.transport.TransportServerThreadSupport | main
2016-05-30 13:39:37,842 | INFO  | Connector openwire started | org.apache.activemq.broker.TransportConnector | main
2016-05-30 13:39:37,848 | INFO  | Listening for connections at: amqp://ssl7-Lenovo-U31-70:5672?maximumConnections=1000&wireFormat.maxFrameSize=104857600 | org.apache.activemq.transport.TransportServerThreadSupport | main
2016-05-30 13:39:37,850 | INFO  | Connector amqp started | org.apache.activemq.broker.TransportConnector | main
2016-05-30 13:39:37,857 | INFO  | Listening for connections at: stomp://ssl7-Lenovo-U31-70:61613?maximumConnections=1000&wireFormat.maxFrameSize=104857600 | org.apache.activemq.transport.TransportServerThreadSupport | main
2016-05-30 13:39:37,859 | INFO  | Connector stomp started | org.apache.activemq.broker.TransportConnector | main
2016-05-30 13:39:37,865 | INFO  | Listening for connections at: mqtt://ssl7-Lenovo-U31-70:1883?maximumConnections=1000&wireFormat.maxFrameSize=104857600 | org.apache.activemq.transport.TransportServerThreadSupport | main
2016-05-30 13:39:37,868 | INFO  | Connector mqtt started | org.apache.activemq.broker.TransportConnector | main
2016-05-30 13:39:38,109 | WARN  | ServletContext@o.e.j.s.ServletContextHandler@58326051{/,null,STARTING} has uncovered http methods for path: / | org.eclipse.jetty.security.SecurityHandler | main
2016-05-30 13:39:38,172 | INFO  | Listening for connections at ws://ssl7-Lenovo-U31-70:61614?maximumConnections=1000&wireFormat.maxFrameSize=104857600 | org.apache.activemq.transport.ws.WSTransportServer | main
2016-05-30 13:39:38,174 | INFO  | Connector ws started | org.apache.activemq.broker.TransportConnector | main
2016-05-30 13:39:38,176 | INFO  | Apache ActiveMQ 5.13.3 (localhost, ID:ssl7-Lenovo-U31-70-38612-1464608377533-0:1) started | org.apache.activemq.broker.BrokerService | main
2016-05-30 13:39:38,177 | INFO  | For help or more information please see: http://activemq.apache.org | org.apache.activemq.broker.BrokerService | main
2016-05-30 13:39:38,968 | INFO  | No Spring WebApplicationInitializer types detected on classpath | /admin | main
2016-05-30 13:39:39,140 | INFO  | ActiveMQ WebConsole available at http://0.0.0.0:8161/ | org.apache.activemq.web.WebConsoleStarter | main
2016-05-30 13:39:39,141 | INFO  | ActiveMQ Jolokia REST API available at http://0.0.0.0:8161/api/jolokia/ | org.apache.activemq.web.WebConsoleStarter | main
2016-05-30 13:39:39,217 | INFO  | Initializing Spring FrameworkServlet 'dispatcher' | /admin | main
2016-05-30 13:39:39,709 | INFO  | No Spring WebApplicationInitializer types detected on classpath | /api | main
2016-05-30 13:39:39,819 | INFO  | jolokia-agent: Using policy access restrictor classpath:/jolokia-access.xml | /api | main
2016-05-30 13:43:35,288 | INFO  | Connector vm://localhost started | org.apache.activemq.broker.TransportConnector | qtp460570271-40
2016-05-30 13:44:26,413 | WARN  | Transport Connection to: tcp://127.0.0.1:45450 failed: java.io.EOFException | org.apache.activemq.broker.TransportConnection.Transport | ActiveMQ Transport: tcp:///127.0.0.1:45450@61616
2016-05-30 13:44:26,413 | WARN  | Transport Connection to: tcp://127.0.0.1:45444 failed: java.io.EOFException | org.apache.activemq.broker.TransportConnection.Transport | ActiveMQ Transport: tcp:///127.0.0.1:45444@61616
2016-05-30 13:47:10,614 | WARN  | Transport Connection to: tcp://127.0.0.1:45476 failed: java.io.EOFException | org.apache.activemq.broker.TransportConnection.Transport | ActiveMQ Transport: tcp:///127.0.0.1:45476@61616
2016-05-30 13:47:10,614 | WARN  | Transport Connection to: tcp://127.0.0.1:45470 failed: java.io.EOFException | org.apache.activemq.broker.TransportConnection.Transport | ActiveMQ Transport: tcp:///127.0.0.1:45470@61616
2016-05-30 13:57:58,232 | WARN  | Transport Connection to: tcp://127.0.0.1:45514 failed: java.io.EOFException | org.apache.activemq.broker.TransportConnection.Transport | ActiveMQ Transport: tcp:///127.0.0.1:45514@61616
2016-05-30 13:57:58,235 | WARN  | Transport Connection to: tcp://127.0.0.1:45500 failed: java.io.EOFException | org.apache.activemq.broker.TransportConnection.Transport | ActiveMQ Transport: tcp:///127.0.0.1:45500@61616
2016-05-30 14:00:31,926 | WARN  | Transport Connection to: tcp://127.0.0.1:45552 failed: java.io.EOFException | org.apache.activemq.broker.TransportConnection.Transport | ActiveMQ Transport: tcp:///127.0.0.1:45552@61616
2016-05-30 14:00:31,927 | WARN  | Transport Connection to: tcp://127.0.0.1:45542 failed: java.io.EOFException | org.apache.activemq.broker.TransportConnection.Transport | ActiveMQ Transport: tcp:///127.0.0.1:45542@61616
2016-05-30 14:46:05,080 | INFO  | Connector vm://localhost stopped | org.apache.activemq.broker.TransportConnector | org.eclipse.jetty.server.session.HashSessionManager@7e1a1da6Timer
